0 info it worked if it ends with ok
1 verbose cli [ 'C:\\Program Files\\nodejs\\node.exe',
1 verbose cli   'C:\\Program Files\\nodejs\\node_modules\\npm\\bin\\npm-cli.js',
1 verbose cli   'i',
1 verbose cli   '--save',
1 verbose cli   'lodash@4.15.' ]
2 info using npm@3.10.10
3 info using node@v6.10.3
4 silly loadCurrentTree Starting
5 silly install loadCurrentTree
6 silly install readLocalPackageData
7 silly fetchPackageMetaData lodash@4.15.
8 silly fetchNamedPackageData lodash
9 silly mapToRegistry name lodash
10 silly mapToRegistry using default registry
11 silly mapToRegistry registry https://registry.npmjs.org/
12 silly mapToRegistry data Result {
12 silly mapToRegistry   raw: 'lodash',
12 silly mapToRegistry   scope: null,
12 silly mapToRegistry   escapedName: 'lodash',
12 silly mapToRegistry   name: 'lodash',
12 silly mapToRegistry   rawSpec: '',
12 silly mapToRegistry   spec: 'latest',
12 silly mapToRegistry   type: 'tag' }
13 silly mapToRegistry uri https://registry.npmjs.org/lodash
14 verbose request uri https://registry.npmjs.org/lodash
15 verbose request no auth needed
16 info attempt registry request try #1 at 21:19:55
17 verbose request id 54bd745bcec3d613
18 verbose etag W/"598cf536-29a5d"
19 verbose lastModified Fri, 11 Aug 2017 00:07:18 GMT
20 http request GET https://registry.npmjs.org/lodash
21 http 304 https://registry.npmjs.org/lodash
22 verbose headers { date: 'Fri, 11 Aug 2017 19:19:47 GMT',
22 verbose headers   via: '1.1 varnish',
22 verbose headers   'cache-control': 'max-age=300',
22 verbose headers   etag: 'W/"598cf536-29a5d"',
22 verbose headers   age: '183',
22 verbose headers   connection: 'keep-alive',
22 verbose headers   'x-served-by': 'cache-hhn1546-HHN',
22 verbose headers   'x-cache': 'HIT',
22 verbose headers   'x-cache-hits': '5',
22 verbose headers   'x-timer': 'S1502479188.821516,VS0,VE0',
22 verbose headers   vary: 'Accept-Encoding, Accept' }
23 silly get cb [ 304,
23 silly get   { date: 'Fri, 11 Aug 2017 19:19:47 GMT',
23 silly get     via: '1.1 varnish',
23 silly get     'cache-control': 'max-age=300',
23 silly get     etag: 'W/"598cf536-29a5d"',
23 silly get     age: '183',
23 silly get     connection: 'keep-alive',
23 silly get     'x-served-by': 'cache-hhn1546-HHN',
23 silly get     'x-cache': 'HIT',
23 silly get     'x-cache-hits': '5',
23 silly get     'x-timer': 'S1502479188.821516,VS0,VE0',
23 silly get     vary: 'Accept-Encoding, Accept' } ]
24 verbose etag https://registry.npmjs.org/lodash from cache
25 verbose get saving lodash to C:\Users\Dom\AppData\Roaming\npm-cache\registry.npmjs.org\lodash\.cache.json
26 verbose correctMkdir C:\Users\Dom\AppData\Roaming\npm-cache correctMkdir not in flight; initializing
27 silly fetchNamedPackageData No valid target from cache, forcing network
28 verbose request uri https://registry.npmjs.org/lodash
29 verbose request no auth needed
30 info attempt registry request try #1 at 21:19:56
31 http request GET https://registry.npmjs.org/lodash
32 http 200 https://registry.npmjs.org/lodash
33 verbose headers { server: 'nginx/1.10.1',
33 verbose headers   'content-type': 'application/json',
33 verbose headers   'last-modified': 'Fri, 11 Aug 2017 00:07:18 GMT',
33 verbose headers   etag: 'W/"598cf536-29a5d"',
33 verbose headers   'content-encoding': 'gzip',
33 verbose headers   'cache-control': 'max-age=300',
33 verbose headers   'content-length': '18083',
33 verbose headers   'accept-ranges': 'bytes',
33 verbose headers   date: 'Fri, 11 Aug 2017 19:19:47 GMT',
33 verbose headers   via: '1.1 varnish',
33 verbose headers   age: '183',
33 verbose headers   connection: 'keep-alive',
33 verbose headers   'x-served-by': 'cache-hhn1546-HHN',
33 verbose headers   'x-cache': 'HIT',
33 verbose headers   'x-cache-hits': '6',
33 verbose headers   'x-timer': 'S1502479188.896158,VS0,VE0',
33 verbose headers   vary: 'Accept-Encoding, Accept' }
34 silly get cb [ 200,
34 silly get   { server: 'nginx/1.10.1',
34 silly get     'content-type': 'application/json',
34 silly get     'last-modified': 'Fri, 11 Aug 2017 00:07:18 GMT',
34 silly get     etag: 'W/"598cf536-29a5d"',
34 silly get     'content-encoding': 'gzip',
34 silly get     'cache-control': 'max-age=300',
34 silly get     'content-length': '18083',
34 silly get     'accept-ranges': 'bytes',
34 silly get     date: 'Fri, 11 Aug 2017 19:19:47 GMT',
34 silly get     via: '1.1 varnish',
34 silly get     age: '183',
34 silly get     connection: 'keep-alive',
34 silly get     'x-served-by': 'cache-hhn1546-HHN',
34 silly get     'x-cache': 'HIT',
34 silly get     'x-cache-hits': '6',
34 silly get     'x-timer': 'S1502479188.896158,VS0,VE0',
34 silly get     vary: 'Accept-Encoding, Accept' } ]
35 verbose get saving lodash to C:\Users\Dom\AppData\Roaming\npm-cache\registry.npmjs.org\lodash\.cache.json
36 verbose correctMkdir C:\Users\Dom\AppData\Roaming\npm-cache correctMkdir not in flight; initializing
37 silly fetchPackageMetaData Error: No compatible version found: lodash@4.15.
37 silly fetchPackageMetaData Valid install targets:
37 silly fetchPackageMetaData 4.17.4, 4.17.3, 4.17.2, 4.17.1, 4.17.0, 4.16.6, 4.16.5, 4.16.4, 4.16.3, 4.16.2, 4.16.1, 4.16.0, 4.15.0, 4.14.2, 4.14.1, 4.14.0, 4.13.1, 4.13.0, 4.12.0, 4.11.2, 4.11.1, 4.11.0, 4.10.0, 4.9.0, 4.8.2, 4.8.1, 4.8.0, 4.7.0, 4.6.1, 4.6.0, 4.5.1, 4.5.0, 4.4.0, 4.3.0, 4.2.1, 4.2.0, 4.1.0, 4.0.1, 4.0.0, 3.10.1, 3.10.0, 3.9.3, 3.9.2, 3.9.1, 3.9.0, 3.8.0, 3.7.0, 3.6.0, 3.5.0, 3.4.0, 3.3.1, 3.3.0, 3.2.0, 3.1.0, 3.0.1, 3.0.0, 2.4.2, 2.4.1, 2.4.0, 2.3.0, 2.2.1, 2.2.0, 2.1.0, 2.0.0, 1.3.1, 1.3.0, 1.2.1, 1.2.0, 1.1.1, 1.1.0, 1.0.2, 1.0.1, 1.0.0, 1.0.0-rc.3, 1.0.0-rc.2, 1.0.0-rc.1, 0.10.0, 0.9.2, 0.9.1, 0.9.0, 0.8.2, 0.8.1, 0.8.0, 0.7.0, 0.6.1, 0.6.0, 0.5.2, 0.5.1, 0.5.0, 0.5.0-rc.1, 0.4.2, 0.4.1, 0.4.0, 0.3.2, 0.3.1, 0.3.0, 0.2.2, 0.2.1, 0.2.0, 0.1.0
37 silly fetchPackageMetaData
37 silly fetchPackageMetaData     at pickVersionFromRegistryDocument (C:\Program Files\nodejs\node_modules\npm\lib\fetch-package-metadata.js:178:16)
37 silly fetchPackageMetaData     at C:\Program Files\nodejs\node_modules\npm\node_modules\iferr\index.js:13:50
37 silly fetchPackageMetaData     at C:\Program Files\nodejs\node_modules\npm\lib\utils\pulse-till-done.js:20:8
37 silly fetchPackageMetaData     at saved (C:\Program Files\nodejs\node_modules\npm\lib\cache\caching-client.js:174:7)
37 silly fetchPackageMetaData     at C:\Program Files\nodejs\node_modules\npm\node_modules\graceful-fs\polyfills.js:241:18
37 silly fetchPackageMetaData     at FSReqWrap.oncomplete (fs.js:123:15)
37 silly fetchPackageMetaData  error for lodash@4.15. { Error: No compatible version found: lodash@4.15.
37 silly fetchPackageMetaData Valid install targets:
37 silly fetchPackageMetaData 4.17.4, 4.17.3, 4.17.2, 4.17.1, 4.17.0, 4.16.6, 4.16.5, 4.16.4, 4.16.3, 4.16.2, 4.16.1, 4.16.0, 4.15.0, 4.14.2, 4.14.1, 4.14.0, 4.13.1, 4.13.0, 4.12.0, 4.11.2, 4.11.1, 4.11.0, 4.10.0, 4.9.0, 4.8.2, 4.8.1, 4.8.0, 4.7.0, 4.6.1, 4.6.0, 4.5.1, 4.5.0, 4.4.0, 4.3.0, 4.2.1, 4.2.0, 4.1.0, 4.0.1, 4.0.0, 3.10.1, 3.10.0, 3.9.3, 3.9.2, 3.9.1, 3.9.0, 3.8.0, 3.7.0, 3.6.0, 3.5.0, 3.4.0, 3.3.1, 3.3.0, 3.2.0, 3.1.0, 3.0.1, 3.0.0, 2.4.2, 2.4.1, 2.4.0, 2.3.0, 2.2.1, 2.2.0, 2.1.0, 2.0.0, 1.3.1, 1.3.0, 1.2.1, 1.2.0, 1.1.1, 1.1.0, 1.0.2, 1.0.1, 1.0.0, 1.0.0-rc.3, 1.0.0-rc.2, 1.0.0-rc.1, 0.10.0, 0.9.2, 0.9.1, 0.9.0, 0.8.2, 0.8.1, 0.8.0, 0.7.0, 0.6.1, 0.6.0, 0.5.2, 0.5.1, 0.5.0, 0.5.0-rc.1, 0.4.2, 0.4.1, 0.4.0, 0.3.2, 0.3.1, 0.3.0, 0.2.2, 0.2.1, 0.2.0, 0.1.0
37 silly fetchPackageMetaData
37 silly fetchPackageMetaData     at pickVersionFromRegistryDocument (C:\Program Files\nodejs\node_modules\npm\lib\fetch-package-metadata.js:178:16)
37 silly fetchPackageMetaData     at C:\Program Files\nodejs\node_modules\npm\node_modules\iferr\index.js:13:50
37 silly fetchPackageMetaData     at C:\Program Files\nodejs\node_modules\npm\lib\utils\pulse-till-done.js:20:8
37 silly fetchPackageMetaData     at saved (C:\Program Files\nodejs\node_modules\npm\lib\cache\caching-client.js:174:7)
37 silly fetchPackageMetaData     at C:\Program Files\nodejs\node_modules\npm\node_modules\graceful-fs\polyfills.js:241:18
37 silly fetchPackageMetaData     at FSReqWrap.oncomplete (fs.js:123:15) code: 'ETARGET' }
38 silly rollbackFailedOptional Starting
39 silly rollbackFailedOptional Finishing
40 silly runTopLevelLifecycles Finishing
41 silly install printInstalled
42 verbose stack Error: No compatible version found: lodash@4.15.
42 verbose stack Valid install targets:
42 verbose stack 4.17.4, 4.17.3, 4.17.2, 4.17.1, 4.17.0, 4.16.6, 4.16.5, 4.16.4, 4.16.3, 4.16.2, 4.16.1, 4.16.0, 4.15.0, 4.14.2, 4.14.1, 4.14.0, 4.13.1, 4.13.0, 4.12.0, 4.11.2, 4.11.1, 4.11.0, 4.10.0, 4.9.0, 4.8.2, 4.8.1, 4.8.0, 4.7.0, 4.6.1, 4.6.0, 4.5.1, 4.5.0, 4.4.0, 4.3.0, 4.2.1, 4.2.0, 4.1.0, 4.0.1, 4.0.0, 3.10.1, 3.10.0, 3.9.3, 3.9.2, 3.9.1, 3.9.0, 3.8.0, 3.7.0, 3.6.0, 3.5.0, 3.4.0, 3.3.1, 3.3.0, 3.2.0, 3.1.0, 3.0.1, 3.0.0, 2.4.2, 2.4.1, 2.4.0, 2.3.0, 2.2.1, 2.2.0, 2.1.0, 2.0.0, 1.3.1, 1.3.0, 1.2.1, 1.2.0, 1.1.1, 1.1.0, 1.0.2, 1.0.1, 1.0.0, 1.0.0-rc.3, 1.0.0-rc.2, 1.0.0-rc.1, 0.10.0, 0.9.2, 0.9.1, 0.9.0, 0.8.2, 0.8.1, 0.8.0, 0.7.0, 0.6.1, 0.6.0, 0.5.2, 0.5.1, 0.5.0, 0.5.0-rc.1, 0.4.2, 0.4.1, 0.4.0, 0.3.2, 0.3.1, 0.3.0, 0.2.2, 0.2.1, 0.2.0, 0.1.0
42 verbose stack
42 verbose stack     at pickVersionFromRegistryDocument (C:\Program Files\nodejs\node_modules\npm\lib\fetch-package-metadata.js:178:16)
42 verbose stack     at C:\Program Files\nodejs\node_modules\npm\node_modules\iferr\index.js:13:50
42 verbose stack     at C:\Program Files\nodejs\node_modules\npm\lib\utils\pulse-till-done.js:20:8
42 verbose stack     at saved (C:\Program Files\nodejs\node_modules\npm\lib\cache\caching-client.js:174:7)
42 verbose stack     at C:\Program Files\nodejs\node_modules\npm\node_modules\graceful-fs\polyfills.js:241:18
42 verbose stack     at FSReqWrap.oncomplete (fs.js:123:15)
43 verbose cwd D:\Dropbox\node\node-todo-api
44 error Windows_NT 6.1.7601
45 error argv "C:\\Program Files\\nodejs\\node.exe" "C:\\Program Files\\nodejs\\node_modules\\npm\\bin\\npm-cli.js" "i" "--save" "lodash@4.15."
46 error node v6.10.3
47 error npm  v3.10.10
48 error code ETARGET
49 error notarget No compatible version found: lodash@4.15.
49 error notarget Valid install targets:
49 error notarget 4.17.4, 4.17.3, 4.17.2, 4.17.1, 4.17.0, 4.16.6, 4.16.5, 4.16.4, 4.16.3, 4.16.2, 4.16.1, 4.16.0, 4.15.0, 4.14.2, 4.14.1, 4.14.0, 4.13.1, 4.13.0, 4.12.0, 4.11.2, 4.11.1, 4.11.0, 4.10.0, 4.9.0, 4.8.2, 4.8.1, 4.8.0, 4.7.0, 4.6.1, 4.6.0, 4.5.1, 4.5.0, 4.4.0, 4.3.0, 4.2.1, 4.2.0, 4.1.0, 4.0.1, 4.0.0, 3.10.1, 3.10.0, 3.9.3, 3.9.2, 3.9.1, 3.9.0, 3.8.0, 3.7.0, 3.6.0, 3.5.0, 3.4.0, 3.3.1, 3.3.0, 3.2.0, 3.1.0, 3.0.1, 3.0.0, 2.4.2, 2.4.1, 2.4.0, 2.3.0, 2.2.1, 2.2.0, 2.1.0, 2.0.0, 1.3.1, 1.3.0, 1.2.1, 1.2.0, 1.1.1, 1.1.0, 1.0.2, 1.0.1, 1.0.0, 1.0.0-rc.3, 1.0.0-rc.2, 1.0.0-rc.1, 0.10.0, 0.9.2, 0.9.1, 0.9.0, 0.8.2, 0.8.1, 0.8.0, 0.7.0, 0.6.1, 0.6.0, 0.5.2, 0.5.1, 0.5.0, 0.5.0-rc.1, 0.4.2, 0.4.1, 0.4.0, 0.3.2, 0.3.1, 0.3.0, 0.2.2, 0.2.1, 0.2.0, 0.1.0
50 error notarget This is most likely not a problem with npm itself.
50 error notarget In most cases you or one of your dependencies are requesting
50 error notarget a package version that doesn't exist.
51 verbose exit [ 1, true ]
